To honour the JVM settings for this build a single-use Daemon process will be forked. For more on this, please refer to https://docs.gradle.org/8.11.1/userguide/gradle_daemon.html#sec:disabling_the_daemon in the Gradle documentation.
Daemon will be stopped at the end of the build 
> Task :app:preBuild UP-TO-DATE
> Task :app:preDebugBuild UP-TO-DATE
> Task :app:mergeDebugNativeDebugMetadata NO-SOURCE
> Task :app:checkKotlinGradlePluginConfigurationErrors SKIPPED
> Task :app:generateDebugResValues
> Task :app:checkDebugAarMetadata
> Task :app:mapDebugSourceSetPaths
> Task :app:generateDebugResources
> Task :app:packageDebugResources
> Task :app:mergeDebugResources
> Task :app:createDebugCompatibleScreenManifests
> Task :app:extractDeepLinksDebug
> Task :app:parseDebugLocalResources
> Task :app:processDebugMainManifest
> Task :app:processDebugManifest
> Task :app:processDebugManifestForPackage
> Task :app:javaPreCompileDebug
> Task :app:mergeDebugShaders
> Task :app:compileDebugShaders NO-SOURCE
> Task :app:generateDebugAssets UP-TO-DATE
> Task :app:mergeDebugAssets
> Task :app:desugarDebugFileDependencies
> Task :app:compressDebugAssets
> Task :app:mergeDebugJniLibFolders
> Task :app:checkDebugDuplicateClasses
> Task :app:mergeDebugNativeLibs
> Task :app:processDebugResources
> Task :app:mergeLibDexDebug

> Task :app:stripDebugDebugSymbols
Unable to strip the following libraries, packaging them as they are: libandroidx.graphics.path.so. Run with --info option to learn more.

> Task :app:validateSigningDebug
> Task :app:writeDebugAppMetadata
> Task :app:writeDebugSigningConfigVersions
> Task :studioapp:preBuild UP-TO-DATE
> Task :studioapp:preDebugBuild UP-TO-DATE
> Task :studioapp:mergeDebugNativeDebugMetadata NO-SOURCE
> Task :studioapp:checkKotlinGradlePluginConfigurationErrors SKIPPED
> Task :studioapp:generateDebugResValues
> Task :studioapp:checkDebugAarMetadata
> Task :studioapp:mapDebugSourceSetPaths
> Task :studioapp:generateDebugResources
> Task :studioapp:packageDebugResources
> Task :studioapp:parseDebugLocalResources
> Task :studioapp:createDebugCompatibleScreenManifests
> Task :studioapp:extractDeepLinksDebug
> Task :studioapp:processDebugMainManifest
> Task :studioapp:processDebugManifest
> Task :studioapp:mergeDebugResources
> Task :studioapp:processDebugManifestForPackage
> Task :studioapp:javaPreCompileDebug
> Task :studioapp:mergeDebugShaders
> Task :studioapp:compileDebugShaders NO-SOURCE
> Task :studioapp:generateDebugAssets UP-TO-DATE
> Task :studioapp:mergeDebugAssets
> Task :studioapp:compressDebugAssets
> Task :studioapp:desugarDebugFileDependencies
> Task :studioapp:processDebugResources
> Task :studioapp:checkDebugDuplicateClasses
> Task :app:mergeExtDexDebug
> Task :app:compileDebugKotlin
> Task :studioapp:compileDebugKotlin
> Task :studioapp:mergeExtDexDebug
> Task :studioapp:mergeLibDexDebug
> Task :studioapp:mergeDebugJniLibFolders
> Task :studioapp:mergeDebugNativeLibs
> Task :studioapp:validateSigningDebug

> Task :studioapp:stripDebugDebugSymbols
Unable to strip the following libraries, packaging them as they are: libandroidx.graphics.path.so. Run with --info option to learn more.

> Task :studioapp:writeDebugAppMetadata
> Task :studioapp:writeDebugSigningConfigVersions

> Task :app:compileDebugKotlin
w: file:///home/runner/work/music-project/music-project/app/src/main/kotlin/com/apexlions/music/AuroraLauncherActivity.kt:29:18 This declaration overrides a deprecated member but is not marked as deprecated itself. Please add the '@Deprecated' annotation or suppress the diagnostic.
w: file:///home/runner/work/music-project/music-project/app/src/main/kotlin/com/apexlions/music/AuroraLauncherActivity.kt:34:15 'fun onRequestPermissionsResult(requestCode: Int, permissions: Array<String>, grantResults: IntArray): Unit' is deprecated. This method has been deprecated in favor of using the Activity Result API
      which brings increased type safety via an {@link ActivityResultContract} and the prebuilt
      contracts for common intents available in
      {@link androidx.activity.result.contract.ActivityResultContracts}, provides hooks for
      testing, and allow receiving results in separate, testable classes independent from your
      activity. Use
      {@link #registerForActivityResult(ActivityResultContract, ActivityResultCallback)} passing
      in a {@link RequestMultiplePermissions} object for the {@link ActivityResultContract} and
      handling the result in the {@link ActivityResultCallback#onActivityResult(Object) callback}.
w: file:///home/runner/work/music-project/music-project/app/src/main/kotlin/com/apexlions/music/AuroraV4Activity.kt:219:98 'val Icons.Rounded.ArrowBack: ImageVector' is deprecated. Use the AutoMirrored version at Icons.AutoMirrored.Rounded.ArrowBack.
w: file:///home/runner/work/music-project/music-project/app/src/main/kotlin/com/apexlions/music/MainActivity.kt:239:75 'val Icons.Rounded.ArrowBack: ImageVector' is deprecated. Use the AutoMirrored version at Icons.AutoMirrored.Rounded.ArrowBack.

> Task :studioapp:compileDebugKotlin
w: file:///home/runner/work/music-project/music-project/studioapp/src/main/kotlin/com/apexlions/aurorastudio/StudioCurationActivity.kt:183:84 'val Icons.Rounded.ArrowBack: ImageVector' is deprecated. Use the AutoMirrored version at Icons.AutoMirrored.Rounded.ArrowBack.
w: file:///home/runner/work/music-project/music-project/studioapp/src/main/kotlin/com/apexlions/aurorastudio/StudioHubActivity.kt:161:32 'val Icons.Rounded.ArrowForward: ImageVector' is deprecated. Use the AutoMirrored version at Icons.AutoMirrored.Rounded.ArrowForward.
w: file:///home/runner/work/music-project/music-project/studioapp/src/main/kotlin/com/apexlions/aurorastudio/StudioV2Activity.kt:624:85 'val Icons.Rounded.ArrowBack: ImageVector' is deprecated. Use the AutoMirrored version at Icons.AutoMirrored.Rounded.ArrowBack.

> Task :studioapp:compileDebugJavaWithJavac NO-SOURCE
> Task :app:compileDebugJavaWithJavac NO-SOURCE
> Task :app:dexBuilderDebug
> Task :app:mergeDebugGlobalSynthetics
> Task :app:processDebugJavaRes
> Task :app:mergeProjectDexDebug
> Task :app:mergeDebugJavaResource
> Task :studioapp:dexBuilderDebug
> Task :studioapp:mergeDebugGlobalSynthetics
> Task :studioapp:processDebugJavaRes
> Task :studioapp:mergeProjectDexDebug
> Task :app:packageDebug
> Task :studioapp:mergeDebugJavaResource
> Task :app:createDebugApkListingFileRedirect
> Task :app:assembleDebug
> Task :studioapp:packageDebug
> Task :studioapp:createDebugApkListingFileRedirect
> Task :studioapp:assembleDebug
gradle/actions: Writing build results to /home/runner/work/_temp/.gradle-actions/build-results/build-1784117296645.json

BUILD SUCCESSFUL in 1m 27s
70 actionable tasks: 70 executed
